<?xml version="1.0" encoding="UTF-8"?>
<!-- Generated by org.testng.reporters.JUnitReportReporter -->
<testsuite hostname="DESKTOP-5QPL10C" failures="0" tests="1" name="android.Cloud" time="12.159" errors="0" timestamp="2024-01-18T16:12:10 IST" skipped="0">
  <testcase classname="android.Cloud" name="verifyAPIDEMOTest" time="12.159"/>
  <system-out/>
</testsuite> <!-- android.Cloud -->
