<?xml version="1.0" encoding="UTF-8"?>
<!-- Generated by org.testng.reporters.JUnitReportReporter -->
<testsuite hostname="DESKTOP-5QPL10C" failures="0" tests="1" name="android.HEMapp" time="13.649" errors="0" timestamp="2024-01-25T12:11:14 IST" skipped="0">
  <testcase classname="android.HEMapp" name="verifyLoginFeature" time="13.649"/>
  <system-out/>
</testsuite> <!-- android.HEMapp -->
